# JRE version: OpenJDK Runtime Environment (17.0.7) (build 17.0.7+0-b2043.56-10550314)
# Java VM: OpenJDK 64-Bit Server VM (17.0.7+0-b2043.56-10550314, mixed mode, tiered, compressed oops, compressed class ptrs, g1 gc, windows-amd64)
GC Precious Log:
 CPUs: 12 total, 12 available
 Memory: 8013M
 Large Page Support: Disabled
 NUMA Support: Disabled
 Compressed Oops: Enabled (Zero based)
 Heap Region Size: 2M
 Heap Min Capacity: 8M
 Heap Initial Capacity: 126M
 Heap Max Capacity: 4G
 Pre-touch: Disabled
 Parallel Workers: 10
 Concurrent Workers: 3
 Concurrent Refinement Workers: 10
 Periodic GC: Disabled
Heap:
 garbage-first heap   total 401408K, used 308205K [0x0000000700000000, 0x0000000800000000)
  region size 2048K, 90 young (184320K), 2 survivors (4096K)
 Metaspace       used 153349K, committed 154048K, reserved 1245184K
  class space    used 19159K, committed 19520K, reserved 1048576K
GC Heap History (20 events):
Event: 141.872 GC heap before
{Heap before GC invocations=108 (full 0):
 garbage-first heap   total 319488K, used 274162K [0x0000000700000000, 0x0000000800000000)
  region size 2048K, 69 young (141312K), 5 survivors (10240K)
 Metaspace       used 152360K, committed 152960K, reserved 1245184K
  class space    used 19009K, committed 19264K, reserved 1048576K
}
Event: 141.879 GC heap after
{Heap after GC invocations=109 (full 0):
 garbage-first heap   total 401408K, used 129993K [0x0000000700000000, 0x0000000800000000)
  region size 2048K, 2 young (4096K), 2 survivors (4096K)
 Metaspace       used 152360K, committed 152960K, reserved 1245184K
  class space    used 19009K, committed 19264K, reserved 1048576K
}
Event: 143.961 GC heap before
{Heap before GC invocations=109 (full 0):
 garbage-first heap   total 401408K, used 345033K [0x0000000700000000, 0x0000000800000000)
  region size 2048K, 107 young (219136K), 2 survivors (4096K)
 Metaspace       used 152371K, committed 152960K, reserved 1245184K
  class space    used 19009K, committed 19264K, reserved 1048576K
}
Event: 143.967 GC heap after
{Heap after GC invocations=110 (full 0):
 garbage-first heap   total 401408K, used 129536K [0x0000000700000000, 0x0000000800000000)
  region size 2048K, 1 young (2048K), 1 survivors (2048K)
 Metaspace       used 152371K, committed 152960K, reserved 1245184K
  class space    used 19009K, committed 19264K, reserved 1048576K
}
Event: 145.900 GC heap before
{Heap before GC invocations=110 (full 0):
 garbage-first heap   total 401408K, used 354816K [0x0000000700000000, 0x0000000800000000)
  region size 2048K, 108 young (221184K), 1 survivors (2048K)
 Metaspace       used 152385K, committed 152960K, reserved 1245184K
  class space    used 19009K, committed 19264K, reserved 1048576K
}
Event: 145.908 GC heap after
{Heap after GC invocations=111 (full 0):
 garbage-first heap   total 401408K, used 136599K [0x0000000700000000, 0x0000000800000000)
  region size 2048K, 2 young (4096K), 2 survivors (4096K)
 Metaspace       used 152385K, committed 152960K, reserved 1245184K
  class space    used 19009K, committed 19264K, reserved 1048576K
}
Event: 147.480 GC heap before
{Heap before GC invocations=111 (full 0):
 garbage-first heap   total 401408K, used 349591K [0x0000000700000000, 0x0000000800000000)
  region size 2048K, 106 young (217088K), 2 survivors (4096K)
 Metaspace       used 152385K, committed 152960K, reserved 1245184K
  class space    used 19009K, committed 19264K, reserved 1048576K
}
Event: 147.487 GC heap after
{Heap after GC invocations=112 (full 0):
 garbage-first heap   total 401408K, used 137685K [0x0000000700000000, 0x0000000800000000)
  region size 2048K, 2 young (4096K), 2 survivors (4096K)
 Metaspace       used 152385K, committed 152960K, reserved 1245184K
  class space    used 19009K, committed 19264K, reserved 1048576K
}
Event: 148.303 GC heap before
{Heap before GC invocations=112 (full 0):
 garbage-first heap   total 401408K, used 350677K [0x0000000700000000, 0x0000000800000000)
  region size 2048K, 106 young (217088K), 2 survivors (4096K)
 Metaspace       used 152385K, committed 152960K, reserved 1245184K
  class space    used 19009K, committed 19264K, reserved 1048576K
}
Event: 148.311 GC heap after
{Heap after GC invocations=113 (full 0):
 garbage-first heap   total 401408K, used 138815K [0x0000000700000000, 0x0000000800000000)
  region size 2048K, 3 young (6144K), 3 survivors (6144K)
 Metaspace       used 152385K, committed 152960K, reserved 1245184K
  class space    used 19009K, committed 19264K, reserved 1048576K
}
Event: 149.135 GC heap before
{Heap before GC invocations=113 (full 0):
 garbage-first heap   total 401408K, used 351807K [0x0000000700000000, 0x0000000800000000)
  region size 2048K, 107 young (219136K), 3 survivors (6144K)
 Metaspace       used 152385K, committed 152960K, reserved 1245184K
  class space    used 19009K, committed 19264K, reserved 1048576K
}
Event: 149.143 GC heap after
{Heap after GC invocations=114 (full 0):
 garbage-first heap   total 401408K, used 140160K [0x0000000700000000, 0x0000000800000000)
  region size 2048K, 4 young (8192K), 4 survivors (8192K)
 Metaspace       used 152385K, committed 152960K, reserved 1245184K
  class space    used 19009K, committed 19264K, reserved 1048576K
}
Event: 149.989 GC heap before
{Heap before GC invocations=114 (full 0):
 garbage-first heap   total 401408K, used 349056K [0x0000000700000000, 0x0000000800000000)
  region size 2048K, 106 young (217088K), 4 survivors (8192K)
 Metaspace       used 152385K, committed 152960K, reserved 1245184K
  class space    used 19009K, committed 19264K, reserved 1048576K
}
Event: 149.998 GC heap after
{Heap after GC invocations=115 (full 0):
 garbage-first heap   total 401408K, used 141148K [0x0000000700000000, 0x0000000800000000)
  region size 2048K, 4 young (8192K), 4 survivors (8192K)
 Metaspace       used 152385K, committed 152960K, reserved 1245184K
  class space    used 19009K, committed 19264K, reserved 1048576K
}
Event: 150.985 GC heap before
{Heap before GC invocations=115 (full 0):
 garbage-first heap   total 401408K, used 350044K [0x0000000700000000, 0x0000000800000000)
  region size 2048K, 106 young (217088K), 4 survivors (8192K)
 Metaspace       used 152386K, committed 152960K, reserved 1245184K
  class space    used 19009K, committed 19264K, reserved 1048576K
}
Event: 150.991 GC heap after
{Heap after GC invocations=116 (full 0):
 garbage-first heap   total 401408K, used 130014K [0x0000000700000000, 0x0000000800000000)
  region size 2048K, 2 young (4096K), 2 survivors (4096K)
 Metaspace       used 152386K, committed 152960K, reserved 1245184K
  class space    used 19009K, committed 19264K, reserved 1048576K
}
Event: 152.058 GC heap before
{Heap before GC invocations=116 (full 0):
 garbage-first heap   total 401408K, used 357342K [0x0000000700000000, 0x0000000800000000)
  region size 2048K, 111 young (227328K), 2 survivors (4096K)
 Metaspace       used 152394K, committed 153024K, reserved 1245184K
  class space    used 19009K, committed 19264K, reserved 1048576K
}
Event: 152.061 GC heap after
{Heap after GC invocations=117 (full 0):
 garbage-first heap   total 401408K, used 129653K [0x0000000700000000, 0x0000000800000000)
  region size 2048K, 2 young (4096K), 2 survivors (4096K)
 Metaspace       used 152394K, committed 153024K, reserved 1245184K
  class space    used 19009K, committed 19264K, reserved 1048576K
}
Event: 152.818 GC heap before
{Heap before GC invocations=117 (full 0):
 garbage-first heap   total 401408K, used 352885K [0x0000000700000000, 0x0000000800000000)
  region size 2048K, 111 young (227328K), 2 survivors (4096K)
 Metaspace       used 152394K, committed 153024K, reserved 1245184K
  class space    used 19009K, committed 19264K, reserved 1048576K
}
Event: 152.824 GC heap after
{Heap after GC invocations=118 (full 0):
 garbage-first heap   total 401408K, used 130029K [0x0000000700000000, 0x0000000800000000)
  region size 2048K, 2 young (4096K), 2 survivors (4096K)
 Metaspace       used 152394K, committed 153024K, reserved 1245184K
  class space    used 19009K, committed 19264K, reserved 1048576K
}

