# JRE version: OpenJDK Runtime Environment (17.0.7) (build 17.0.7+0-b2043.56-10550314)
# Java VM: OpenJDK 64-Bit Server VM (17.0.7+0-b2043.56-10550314, mixed mode, tiered, compressed oops, compressed class ptrs, g1 gc, windows-amd64)
GC Precious Log:
 CPUs: 12 total, 12 available
 Memory: 8013M
 Large Page Support: Disabled
 NUMA Support: Disabled
 Compressed Oops: Enabled (Zero based)
 Heap Region Size: 2M
 Heap Min Capacity: 8M
 Heap Initial Capacity: 126M
 Heap Max Capacity: 4G
 Pre-touch: Disabled
 Parallel Workers: 10
 Concurrent Workers: 3
 Concurrent Refinement Workers: 10
 Periodic GC: Disabled
Heap:
 garbage-first heap   total 129024K, used 50347K [0x0000000700000000, 0x0000000800000000)
  region size 2048K, 1 young (2048K), 1 survivors (2048K)
 Metaspace       used 70721K, committed 71232K, reserved 1114112K
  class space    used 9857K, committed 10112K, reserved 1048576K
GC Heap History (20 events):
Event: 25.389 GC heap after
{Heap after GC invocations=19 (full 0):
 garbage-first heap   total 75776K, used 36872K [0x0000000700000000, 0x0000000800000000)
  region size 2048K, 2 young (4096K), 2 survivors (4096K)
 Metaspace       used 62307K, committed 62784K, reserved 1114112K
  class space    used 8517K, committed 8704K, reserved 1048576K
}
Event: 26.502 GC heap before
{Heap before GC invocations=19 (full 0):
 garbage-first heap   total 75776K, used 61448K [0x0000000700000000, 0x0000000800000000)
  region size 2048K, 14 young (28672K), 2 survivors (4096K)
 Metaspace       used 64603K, committed 65152K, reserved 1114112K
  class space    used 8926K, committed 9216K, reserved 1048576K
}
Event: 26.513 GC heap after
{Heap after GC invocations=20 (full 0):
 garbage-first heap   total 75776K, used 38153K [0x0000000700000000, 0x0000000800000000)
  region size 2048K, 2 young (4096K), 2 survivors (4096K)
 Metaspace       used 64603K, committed 65152K, reserved 1114112K
  class space    used 8926K, committed 9216K, reserved 1048576K
}
Event: 28.148 GC heap before
{Heap before GC invocations=21 (full 0):
 garbage-first heap   total 75776K, used 62729K [0x0000000700000000, 0x0000000800000000)
  region size 2048K, 14 young (28672K), 2 survivors (4096K)
 Metaspace       used 67137K, committed 67712K, reserved 1114112K
  class space    used 9388K, committed 9664K, reserved 1048576K
}
Event: 28.162 GC heap after
{Heap after GC invocations=22 (full 0):
 garbage-first heap   total 75776K, used 40093K [0x0000000700000000, 0x0000000800000000)
  region size 2048K, 2 young (4096K), 2 survivors (4096K)
 Metaspace       used 67137K, committed 67712K, reserved 1114112K
  class space    used 9388K, committed 9664K, reserved 1048576K
}
Event: 55.094 GC heap before
{Heap before GC invocations=22 (full 0):
 garbage-first heap   total 75776K, used 62621K [0x0000000700000000, 0x0000000800000000)
  region size 2048K, 13 young (26624K), 2 survivors (4096K)
 Metaspace       used 69231K, committed 69824K, reserved 1114112K
  class space    used 9703K, committed 9984K, reserved 1048576K
}
Event: 55.107 GC heap after
{Heap after GC invocations=23 (full 0):
 garbage-first heap   total 75776K, used 41257K [0x0000000700000000, 0x0000000800000000)
  region size 2048K, 2 young (4096K), 2 survivors (4096K)
 Metaspace       used 69231K, committed 69824K, reserved 1114112K
  class space    used 9703K, committed 9984K, reserved 1048576K
}
Event: 56.787 GC heap before
{Heap before GC invocations=24 (full 0):
 garbage-first heap   total 75776K, used 61737K [0x0000000700000000, 0x0000000800000000)
  region size 2048K, 12 young (24576K), 2 survivors (4096K)
 Metaspace       used 69920K, committed 70464K, reserved 1114112K
  class space    used 9754K, committed 9984K, reserved 1048576K
}
Event: 56.800 GC heap after
{Heap after GC invocations=25 (full 0):
 garbage-first heap   total 75776K, used 43827K [0x0000000700000000, 0x0000000800000000)
  region size 2048K, 2 young (4096K), 2 survivors (4096K)
 Metaspace       used 69920K, committed 70464K, reserved 1114112K
  class space    used 9754K, committed 9984K, reserved 1048576K
}
Event: 58.511 GC heap before
{Heap before GC invocations=25 (full 0):
 garbage-first heap   total 75776K, used 47923K [0x0000000700000000, 0x0000000800000000)
  region size 2048K, 5 young (10240K), 2 survivors (4096K)
 Metaspace       used 70063K, committed 70656K, reserved 1114112K
  class space    used 9773K, committed 10048K, reserved 1048576K
}
Event: 58.522 GC heap after
{Heap after GC invocations=26 (full 0):
 garbage-first heap   total 75776K, used 45617K [0x0000000700000000, 0x0000000800000000)
  region size 2048K, 1 young (2048K), 1 survivors (2048K)
 Metaspace       used 70063K, committed 70656K, reserved 1114112K
  class space    used 9773K, committed 10048K, reserved 1048576K
}
Event: 58.804 GC heap before
{Heap before GC invocations=27 (full 0):
 garbage-first heap   total 92160K, used 59953K [0x0000000700000000, 0x0000000800000000)
  region size 2048K, 8 young (16384K), 1 survivors (2048K)
 Metaspace       used 70417K, committed 70976K, reserved 1114112K
  class space    used 9838K, committed 10112K, reserved 1048576K
}
Event: 58.813 GC heap after
{Heap after GC invocations=28 (full 0):
 garbage-first heap   total 92160K, used 49455K [0x0000000700000000, 0x0000000800000000)
  region size 2048K, 1 young (2048K), 1 survivors (2048K)
 Metaspace       used 70417K, committed 70976K, reserved 1114112K
  class space    used 9838K, committed 10112K, reserved 1048576K
}
Event: 59.032 GC heap before
{Heap before GC invocations=28 (full 0):
 garbage-first heap   total 92160K, used 65839K [0x0000000700000000, 0x0000000800000000)
  region size 2048K, 10 young (20480K), 1 survivors (2048K)
 Metaspace       used 70556K, committed 71104K, reserved 1114112K
  class space    used 9856K, committed 10112K, reserved 1048576K
}
Event: 59.037 GC heap after
{Heap after GC invocations=29 (full 0):
 garbage-first heap   total 92160K, used 49350K [0x0000000700000000, 0x0000000800000000)
  region size 2048K, 1 young (2048K), 1 survivors (2048K)
 Metaspace       used 70556K, committed 71104K, reserved 1114112K
  class space    used 9856K, committed 10112K, reserved 1048576K
}
Event: 59.279 GC heap before
{Heap before GC invocations=29 (full 0):
 garbage-first heap   total 112640K, used 67782K [0x0000000700000000, 0x0000000800000000)
  region size 2048K, 11 young (22528K), 1 survivors (2048K)
 Metaspace       used 70640K, committed 71168K, reserved 1114112K
  class space    used 9856K, committed 10112K, reserved 1048576K
}
Event: 59.289 GC heap after
{Heap after GC invocations=30 (full 0):
 garbage-first heap   total 112640K, used 50550K [0x0000000700000000, 0x0000000800000000)
  region size 2048K, 2 young (4096K), 2 survivors (4096K)
 Metaspace       used 70640K, committed 71168K, reserved 1114112K
  class space    used 9856K, committed 10112K, reserved 1048576K
}
Event: 59.536 GC heap before
{Heap before GC invocations=31 (full 0):
 garbage-first heap   total 112640K, used 81270K [0x0000000700000000, 0x0000000800000000)
  region size 2048K, 18 young (36864K), 2 survivors (4096K)
 Metaspace       used 70718K, committed 71232K, reserved 1114112K
  class space    used 9857K, committed 10112K, reserved 1048576K
}
Event: 59.540 GC heap after
{Heap after GC invocations=32 (full 0):
 garbage-first heap   total 112640K, used 50798K [0x0000000700000000, 0x0000000800000000)
  region size 2048K, 2 young (4096K), 2 survivors (4096K)
 Metaspace       used 70718K, committed 71232K, reserved 1114112K
  class space    used 9857K, committed 10112K, reserved 1048576K
}
Event: 59.553 GC heap before
{Heap before GC invocations=32 (full 0):
 garbage-first heap   total 112640K, used 52846K [0x0000000700000000, 0x0000000800000000)
  region size 2048K, 3 young (6144K), 2 survivors (4096K)
 Metaspace       used 70721K, committed 71232K, reserved 1114112K
  class space    used 9857K, committed 10112K, reserved 1048576K
}

